<?xml version="1.0" encoding="UTF-8"?>
<testng-results skipped="0" failed="0" ignored="0" total="2" passed="2">
  <reporter-output>
  </reporter-output>
  <suite name="Default suite" duration-ms="46175" started-at="2019-07-21T04:17:50Z" finished-at="2019-07-21T04:18:36Z">
    <groups>
    </groups>
    <test name="Default test" duration-ms="46175" started-at="2019-07-21T04:17:50Z" finished-at="2019-07-21T04:18:36Z">
      <class name="test.MashreqTest">
        <test-method status="PASS" signature="setUp()[pri:0, instance:test.MashreqTest@3bfdc050]" name="setUp" is-config="true" duration-ms="32400" started-at="2019-07-21T04:17:50Z" finished-at="2019-07-21T04:18:22Z">
          <reporter-output>
          </reporter-output>
        </test-method> <!-- setUp -->
        <test-method status="PASS" signature="homepage()[pri:1, instance:test.MashreqTest@3bfdc050]" name="homepage" duration-ms="8300" started-at="2019-07-21T04:18:22Z" finished-at="2019-07-21T04:18:30Z">
          <reporter-output>
          </reporter-output>
        </test-method> <!-- homepage -->
        <test-method status="PASS" signature="contactpage()[pri:2, instance:test.MashreqTest@3bfdc050]" name="contactpage" duration-ms="5187" started-at="2019-07-21T04:18:30Z" finished-at="2019-07-21T04:18:36Z">
          <reporter-output>
          </reporter-output>
        </test-method> <!-- contactpage -->
        <test-method status="PASS" signature="tearDown()[pri:0, instance:test.MashreqTest@3bfdc050]" name="tearDown" is-config="true" duration-ms="226" started-at="2019-07-21T04:18:36Z" finished-at="2019-07-21T04:18:36Z">
          <reporter-output>
          </reporter-output>
        </test-method> <!-- tearDown -->
      </class> <!-- test.MashreqTest -->
    </test> <!-- Default test -->
  </suite> <!-- Default suite -->
</testng-results>
